{"/Users/apple/code/flatassignmentsystem/connection.js": {"path":"/Users/apple/code/flatassignmentsystem/connection.js","statementMap":{"0":{"start":{"line":1,"column":14},"end":{"line":1,"column":30}},"1":{"start":{"line":2,"column":15},"end":{"line":2,"column":32}},"2":{"start":{"line":4,"column":0},"end":{"line":4,"column":16}},"3":{"start":{"line":8,"column":11},"end":{"line":14,"column":2}},"4":{"start":{"line":16,"column":0},"end":{"line":16,"column":18}}},"fnMap":{},"branchMap":{},"s":{"0":1,"1":1,"2":1,"3":1,"4":1},"f":{},"b":{},"_coverageSchema":"1a1c01bbd47fc00a2c39e90264f33305004495a9","hash":"7b61982f33a9a7ea048391b16e3b20a8a5d93b16"}
,"/Users/apple/code/flatassignmentsystem/index.js": {"path":"/Users/apple/code/flatassignmentsystem/index.js","statementMap":{"0":{"start":{"line":1,"column":16},"end":{"line":1,"column":34}},"1":{"start":{"line":2,"column":19},"end":{"line":2,"column":41}},"2":{"start":{"line":3,"column":21},"end":{"line":3,"column":45}},"3":{"start":{"line":4,"column":13},"end":{"line":4,"column":28}},"4":{"start":{"line":6,"column":19},"end":{"line":6,"column":43}},"5":{"start":{"line":7,"column":11},"end":{"line":7,"column":34}},"6":{"start":{"line":8,"column":19},"end":{"line":8,"column":43}},"7":{"start":{"line":9,"column":29},"end":{"line":9,"column":63}},"8":{"start":{"line":10,"column":19},"end":{"line":10,"column":43}},"9":{"start":{"line":12,"column":0},"end":{"line":18,"column":2}},"10":{"start":{"line":13,"column":1},"end":{"line":17,"column":2}},"11":{"start":{"line":14,"column":2},"end":{"line":14,"column":20}},"12":{"start":{"line":16,"column":2},"end":{"line":16,"column":33}},"13":{"start":{"line":20,"column":12},"end":{"line":20,"column":21}},"14":{"start":{"line":21,"column":0},"end":{"line":21,"column":23}},"15":{"start":{"line":22,"column":0},"end":{"line":22,"column":15}},"16":{"start":{"line":23,"column":0},"end":{"line":23,"column":23}},"17":{"start":{"line":24,"column":0},"end":{"line":24,"column":26}},"18":{"start":{"line":25,"column":0},"end":{"line":25,"column":27}},"19":{"start":{"line":27,"column":0},"end":{"line":27,"column":27}},"20":{"start":{"line":28,"column":0},"end":{"line":28,"column":37}},"21":{"start":{"line":29,"column":0},"end":{"line":29,"column":27}},"22":{"start":{"line":31,"column":0},"end":{"line":31,"column":20}}},"fnMap":{"0":{"name":"(anonymous_0)","decl":{"start":{"line":12,"column":11},"end":{"line":12,"column":12}},"loc":{"start":{"line":12,"column":22},"end":{"line":18,"column":1}},"line":12}},"branchMap":{"0":{"loc":{"start":{"line":13,"column":1},"end":{"line":17,"column":2}},"type":"if","locations":[{"start":{"line":13,"column":1},"end":{"line":17,"column":2}},{"start":{"line":15,"column":8},"end":{"line":17,"column":2}}],"line":13}},"s":{"0":1,"1":1,"2":1,"3":1,"4":1,"5":1,"6":1,"7":1,"8":1,"9":1,"10":1,"11":0,"12":1,"13":1,"14":1,"15":1,"16":1,"17":1,"18":1,"19":1,"20":1,"21":1,"22":1},"f":{"0":1},"b":{"0":[0,1]},"_coverageSchema":"1a1c01bbd47fc00a2c39e90264f33305004495a9","hash":"e2ceb73c789dfd2517e9a996159c70f161b3ee3c"}
,"/Users/apple/code/flatassignmentsystem/controller/CreateFlat.js": {"path":"/Users/apple/code/flatassignmentsystem/controller/CreateFlat.js","statementMap":{"0":{"start":{"line":1,"column":11},"end":{"line":1,"column":35}},"1":{"start":{"line":3,"column":0},"end":{"line":18,"column":1}},"2":{"start":{"line":5,"column":53},"end":{"line":5,"column":61}},"3":{"start":{"line":7,"column":4},"end":{"line":7,"column":55}},"4":{"start":{"line":8,"column":4},"end":{"line":9,"column":81}},"5":{"start":{"line":9,"column":4},"end":{"line":9,"column":81}},"6":{"start":{"line":11,"column":4},"end":{"line":17,"column":6}},"7":{"start":{"line":13,"column":8},"end":{"line":14,"column":77}},"8":{"start":{"line":14,"column":8},"end":{"line":14,"column":77}},"9":{"start":{"line":16,"column":8},"end":{"line":16,"column":58}}},"fnMap":{"0":{"name":"(anonymous_0)","decl":{"start":{"line":3,"column":21},"end":{"line":3,"column":22}},"loc":{"start":{"line":4,"column":0},"end":{"line":18,"column":1}},"line":4},"1":{"name":"(anonymous_1)","decl":{"start":{"line":11,"column":133},"end":{"line":11,"column":134}},"loc":{"start":{"line":12,"column":4},"end":{"line":17,"column":5}},"line":12}},"branchMap":{"0":{"loc":{"start":{"line":8,"column":4},"end":{"line":9,"column":81}},"type":"if","locations":[{"start":{"line":8,"column":4},"end":{"line":9,"column":81}},{"start":{},"end":{}}],"line":8},"1":{"loc":{"start":{"line":8,"column":7},"end":{"line":8,"column":73}},"type":"binary-expr","locations":[{"start":{"line":8,"column":7},"end":{"line":8,"column":16}},{"start":{"line":8,"column":20},"end":{"line":8,"column":28}},{"start":{"line":8,"column":32},"end":{"line":8,"column":47}},{"start":{"line":8,"column":51},"end":{"line":8,"column":73}}],"line":8},"2":{"loc":{"start":{"line":13,"column":8},"end":{"line":14,"column":77}},"type":"if","locations":[{"start":{"line":13,"column":8},"end":{"line":14,"column":77}},{"start":{},"end":{}}],"line":13}},"s":{"0":1,"1":1,"2":0,"3":0,"4":0,"5":0,"6":0,"7":0,"8":0,"9":0},"f":{"0":0,"1":0},"b":{"0":[0,0],"1":[0,0,0,0],"2":[0,0]},"_coverageSchema":"1a1c01bbd47fc00a2c39e90264f33305004495a9","hash":"34f36fce085a8f1bdc54484fcefd7eeb33e3e2e4"}
,"/Users/apple/code/flatassignmentsystem/controller/CreateFlatAssigment.js": {"path":"/Users/apple/code/flatassignmentsystem/controller/CreateFlatAssigment.js","statementMap":{"0":{"start":{"line":1,"column":10},"end":{"line":1,"column":34}},"1":{"start":{"line":4,"column":0},"end":{"line":21,"column":1}},"2":{"start":{"line":6,"column":31},"end":{"line":6,"column":39}},"3":{"start":{"line":8,"column":4},"end":{"line":11,"column":5}},"4":{"start":{"line":10,"column":8},"end":{"line":10,"column":83}},"5":{"start":{"line":14,"column":4},"end":{"line":20,"column":7}},"6":{"start":{"line":16,"column":8},"end":{"line":17,"column":76}},"7":{"start":{"line":17,"column":8},"end":{"line":17,"column":76}},"8":{"start":{"line":19,"column":8},"end":{"line":19,"column":89}}},"fnMap":{"0":{"name":"(anonymous_0)","decl":{"start":{"line":4,"column":31},"end":{"line":4,"column":32}},"loc":{"start":{"line":5,"column":0},"end":{"line":21,"column":1}},"line":5},"1":{"name":"(anonymous_1)","decl":{"start":{"line":14,"column":99},"end":{"line":14,"column":100}},"loc":{"start":{"line":15,"column":4},"end":{"line":20,"column":5}},"line":15}},"branchMap":{"0":{"loc":{"start":{"line":8,"column":4},"end":{"line":11,"column":5}},"type":"if","locations":[{"start":{"line":8,"column":4},"end":{"line":11,"column":5}},{"start":{},"end":{}}],"line":8},"1":{"loc":{"start":{"line":8,"column":7},"end":{"line":8,"column":35}},"type":"binary-expr","locations":[{"start":{"line":8,"column":7},"end":{"line":8,"column":14}},{"start":{"line":8,"column":18},"end":{"line":8,"column":25}},{"start":{"line":8,"column":30},"end":{"line":8,"column":35}}],"line":8},"2":{"loc":{"start":{"line":16,"column":8},"end":{"line":17,"column":76}},"type":"if","locations":[{"start":{"line":16,"column":8},"end":{"line":17,"column":76}},{"start":{},"end":{}}],"line":16}},"s":{"0":1,"1":1,"2":0,"3":0,"4":0,"5":0,"6":0,"7":0,"8":0},"f":{"0":0,"1":0},"b":{"0":[0,0],"1":[0,0,0],"2":[0,0]},"_coverageSchema":"1a1c01bbd47fc00a2c39e90264f33305004495a9","hash":"6e626fa9ba84291de0a1c7855a336333b646721d"}
,"/Users/apple/code/flatassignmentsystem/controller/DeleteFlat.js": {"path":"/Users/apple/code/flatassignmentsystem/controller/DeleteFlat.js","statementMap":{"0":{"start":{"line":1,"column":9},"end":{"line":1,"column":33}},"1":{"start":{"line":3,"column":0},"end":{"line":28,"column":1}},"2":{"start":{"line":4,"column":15},"end":{"line":4,"column":27}},"3":{"start":{"line":6,"column":4},"end":{"line":27,"column":5}},"4":{"start":{"line":9,"column":4},"end":{"line":9,"column":68}},"5":{"start":{"line":14,"column":8},"end":{"line":26,"column":11}},"6":{"start":{"line":16,"column":12},"end":{"line":18,"column":13}},"7":{"start":{"line":17,"column":12},"end":{"line":17,"column":76}},"8":{"start":{"line":20,"column":12},"end":{"line":21,"column":63}},"9":{"start":{"line":21,"column":12},"end":{"line":21,"column":63}},"10":{"start":{"line":23,"column":12},"end":{"line":25,"column":15}}},"fnMap":{"0":{"name":"(anonymous_0)","decl":{"start":{"line":3,"column":19},"end":{"line":3,"column":20}},"loc":{"start":{"line":3,"column":30},"end":{"line":28,"column":1}},"line":3},"1":{"name":"(anonymous_1)","decl":{"start":{"line":14,"column":52},"end":{"line":14,"column":53}},"loc":{"start":{"line":15,"column":8},"end":{"line":26,"column":9}},"line":15}},"branchMap":{"0":{"loc":{"start":{"line":6,"column":4},"end":{"line":27,"column":5}},"type":"if","locations":[{"start":{"line":6,"column":4},"end":{"line":27,"column":5}},{"start":{"line":13,"column":4},"end":{"line":27,"column":5}}],"line":6},"1":{"loc":{"start":{"line":16,"column":12},"end":{"line":18,"column":13}},"type":"if","locations":[{"start":{"line":16,"column":12},"end":{"line":18,"column":13}},{"start":{},"end":{}}],"line":16},"2":{"loc":{"start":{"line":20,"column":12},"end":{"line":21,"column":63}},"type":"if","locations":[{"start":{"line":20,"column":12},"end":{"line":21,"column":63}},{"start":{},"end":{}}],"line":20}},"s":{"0":1,"1":1,"2":0,"3":0,"4":0,"5":0,"6":0,"7":0,"8":0,"9":0,"10":0},"f":{"0":0,"1":0},"b":{"0":[0,0],"1":[0,0],"2":[0,0]},"_coverageSchema":"1a1c01bbd47fc00a2c39e90264f33305004495a9","hash":"a6331182c246948c38ffbff97e2cd5b4f08ce4c5"}
,"/Users/apple/code/flatassignmentsystem/controller/DeleteFlatAssignment.js": {"path":"/Users/apple/code/flatassignmentsystem/controller/DeleteFlatAssignment.js","statementMap":{"0":{"start":{"line":1,"column":10},"end":{"line":1,"column":34}},"1":{"start":{"line":3,"column":0},"end":{"line":26,"column":1}},"2":{"start":{"line":4,"column":13},"end":{"line":4,"column":25}},"3":{"start":{"line":5,"column":4},"end":{"line":9,"column":5}},"4":{"start":{"line":6,"column":8},"end":{"line":8,"column":10}},"5":{"start":{"line":11,"column":4},"end":{"line":25,"column":6}},"6":{"start":{"line":12,"column":8},"end":{"line":16,"column":9}},"7":{"start":{"line":13,"column":12},"end":{"line":15,"column":14}},"8":{"start":{"line":17,"column":8},"end":{"line":21,"column":9}},"9":{"start":{"line":18,"column":12},"end":{"line":20,"column":14}},"10":{"start":{"line":22,"column":8},"end":{"line":24,"column":10}}},"fnMap":{"0":{"name":"(anonymous_0)","decl":{"start":{"line":3,"column":29},"end":{"line":3,"column":30}},"loc":{"start":{"line":3,"column":40},"end":{"line":26,"column":1}},"line":3},"1":{"name":"(anonymous_1)","decl":{"start":{"line":11,"column":59},"end":{"line":11,"column":60}},"loc":{"start":{"line":11,"column":73},"end":{"line":25,"column":5}},"line":11}},"branchMap":{"0":{"loc":{"start":{"line":5,"column":4},"end":{"line":9,"column":5}},"type":"if","locations":[{"start":{"line":5,"column":4},"end":{"line":9,"column":5}},{"start":{},"end":{}}],"line":5},"1":{"loc":{"start":{"line":12,"column":8},"end":{"line":16,"column":9}},"type":"if","locations":[{"start":{"line":12,"column":8},"end":{"line":16,"column":9}},{"start":{},"end":{}}],"line":12},"2":{"loc":{"start":{"line":17,"column":8},"end":{"line":21,"column":9}},"type":"if","locations":[{"start":{"line":17,"column":8},"end":{"line":21,"column":9}},{"start":{},"end":{}}],"line":17}},"s":{"0":1,"1":1,"2":0,"3":0,"4":0,"5":0,"6":0,"7":0,"8":0,"9":0,"10":0},"f":{"0":0,"1":0},"b":{"0":[0,0],"1":[0,0],"2":[0,0]},"_coverageSchema":"1a1c01bbd47fc00a2c39e90264f33305004495a9","hash":"31ff7f2bd1399e727139b81339a86b836bb3e308"}
,"/Users/apple/code/flatassignmentsystem/controller/GetAllAssignedFlats.js": {"path":"/Users/apple/code/flatassignmentsystem/controller/GetAllAssignedFlats.js","statementMap":{"0":{"start":{"line":1,"column":11},"end":{"line":1,"column":35}},"1":{"start":{"line":4,"column":0},"end":{"line":29,"column":1}},"2":{"start":{"line":7,"column":15},"end":{"line":7,"column":41}},"3":{"start":{"line":9,"column":4},"end":{"line":27,"column":5}},"4":{"start":{"line":11,"column":7},"end":{"line":11,"column":71}},"5":{"start":{"line":16,"column":8},"end":{"line":26,"column":11}},"6":{"start":{"line":18,"column":12},"end":{"line":20,"column":13}},"7":{"start":{"line":19,"column":12},"end":{"line":19,"column":76}},"8":{"start":{"line":22,"column":12},"end":{"line":23,"column":63}},"9":{"start":{"line":23,"column":12},"end":{"line":23,"column":63}},"10":{"start":{"line":25,"column":12},"end":{"line":25,"column":48}}},"fnMap":{"0":{"name":"(anonymous_0)","decl":{"start":{"line":4,"column":30},"end":{"line":4,"column":31}},"loc":{"start":{"line":5,"column":0},"end":{"line":29,"column":1}},"line":5},"1":{"name":"(anonymous_1)","decl":{"start":{"line":16,"column":70},"end":{"line":16,"column":71}},"loc":{"start":{"line":17,"column":8},"end":{"line":26,"column":9}},"line":17}},"branchMap":{"0":{"loc":{"start":{"line":9,"column":4},"end":{"line":27,"column":5}},"type":"if","locations":[{"start":{"line":9,"column":4},"end":{"line":27,"column":5}},{"start":{"line":14,"column":4},"end":{"line":27,"column":5}}],"line":9},"1":{"loc":{"start":{"line":18,"column":12},"end":{"line":20,"column":13}},"type":"if","locations":[{"start":{"line":18,"column":12},"end":{"line":20,"column":13}},{"start":{},"end":{}}],"line":18},"2":{"loc":{"start":{"line":22,"column":12},"end":{"line":23,"column":63}},"type":"if","locations":[{"start":{"line":22,"column":12},"end":{"line":23,"column":63}},{"start":{},"end":{}}],"line":22}},"s":{"0":1,"1":1,"2":0,"3":0,"4":0,"5":0,"6":0,"7":0,"8":0,"9":0,"10":0},"f":{"0":0,"1":0},"b":{"0":[0,0],"1":[0,0],"2":[0,0]},"_coverageSchema":"1a1c01bbd47fc00a2c39e90264f33305004495a9","hash":"e5cdeab5a78592ea611e79cb770ce51505db529b"}
,"/Users/apple/code/flatassignmentsystem/controller/GetAllFlats.js": {"path":"/Users/apple/code/flatassignmentsystem/controller/GetAllFlats.js","statementMap":{"0":{"start":{"line":1,"column":11},"end":{"line":1,"column":35}},"1":{"start":{"line":4,"column":0},"end":{"line":35,"column":1}},"2":{"start":{"line":7,"column":13},"end":{"line":7,"column":25}},"3":{"start":{"line":9,"column":4},"end":{"line":34,"column":5}},"4":{"start":{"line":12,"column":8},"end":{"line":18,"column":11}},"5":{"start":{"line":14,"column":12},"end":{"line":16,"column":13}},"6":{"start":{"line":15,"column":12},"end":{"line":15,"column":76}},"7":{"start":{"line":17,"column":12},"end":{"line":17,"column":48}},"8":{"start":{"line":23,"column":8},"end":{"line":33,"column":11}},"9":{"start":{"line":25,"column":12},"end":{"line":27,"column":13}},"10":{"start":{"line":26,"column":12},"end":{"line":26,"column":76}},"11":{"start":{"line":29,"column":12},"end":{"line":30,"column":63}},"12":{"start":{"line":30,"column":12},"end":{"line":30,"column":63}},"13":{"start":{"line":32,"column":12},"end":{"line":32,"column":48}}},"fnMap":{"0":{"name":"(anonymous_0)","decl":{"start":{"line":4,"column":22},"end":{"line":4,"column":23}},"loc":{"start":{"line":5,"column":0},"end":{"line":35,"column":1}},"line":5},"1":{"name":"(anonymous_1)","decl":{"start":{"line":12,"column":38},"end":{"line":12,"column":39}},"loc":{"start":{"line":13,"column":8},"end":{"line":18,"column":9}},"line":13},"2":{"name":"(anonymous_2)","decl":{"start":{"line":23,"column":54},"end":{"line":23,"column":55}},"loc":{"start":{"line":24,"column":8},"end":{"line":33,"column":9}},"line":24}},"branchMap":{"0":{"loc":{"start":{"line":9,"column":4},"end":{"line":34,"column":5}},"type":"if","locations":[{"start":{"line":9,"column":4},"end":{"line":34,"column":5}},{"start":{"line":21,"column":4},"end":{"line":34,"column":5}}],"line":9},"1":{"loc":{"start":{"line":14,"column":12},"end":{"line":16,"column":13}},"type":"if","locations":[{"start":{"line":14,"column":12},"end":{"line":16,"column":13}},{"start":{},"end":{}}],"line":14},"2":{"loc":{"start":{"line":25,"column":12},"end":{"line":27,"column":13}},"type":"if","locations":[{"start":{"line":25,"column":12},"end":{"line":27,"column":13}},{"start":{},"end":{}}],"line":25},"3":{"loc":{"start":{"line":29,"column":12},"end":{"line":30,"column":63}},"type":"if","locations":[{"start":{"line":29,"column":12},"end":{"line":30,"column":63}},{"start":{},"end":{}}],"line":29}},"s":{"0":1,"1":1,"2":0,"3":0,"4":0,"5":0,"6":0,"7":0,"8":0,"9":0,"10":0,"11":0,"12":0,"13":0},"f":{"0":0,"1":0,"2":0},"b":{"0":[0,0],"1":[0,0],"2":[0,0],"3":[0,0]},"_coverageSchema":"1a1c01bbd47fc00a2c39e90264f33305004495a9","hash":"364411a1b2c086341e9041eadbfef6db22b6fbb5"}
,"/Users/apple/code/flatassignmentsystem/controller/GetAllUsers.js": {"path":"/Users/apple/code/flatassignmentsystem/controller/GetAllUsers.js","statementMap":{"0":{"start":{"line":1,"column":11},"end":{"line":1,"column":35}},"1":{"start":{"line":4,"column":0},"end":{"line":26,"column":1}},"2":{"start":{"line":6,"column":11},"end":{"line":6,"column":23}},"3":{"start":{"line":7,"column":4},"end":{"line":25,"column":1}},"4":{"start":{"line":8,"column":8},"end":{"line":13,"column":7}},"5":{"start":{"line":10,"column":8},"end":{"line":11,"column":77}},"6":{"start":{"line":11,"column":8},"end":{"line":11,"column":77}},"7":{"start":{"line":12,"column":8},"end":{"line":12,"column":44}},"8":{"start":{"line":15,"column":4},"end":{"line":24,"column":7}},"9":{"start":{"line":17,"column":8},"end":{"line":18,"column":81}},"10":{"start":{"line":18,"column":12},"end":{"line":18,"column":81}},"11":{"start":{"line":19,"column":8},"end":{"line":22,"column":14}},"12":{"start":{"line":20,"column":12},"end":{"line":22,"column":14}},"13":{"start":{"line":23,"column":8},"end":{"line":23,"column":44}}},"fnMap":{"0":{"name":"(anonymous_0)","decl":{"start":{"line":4,"column":22},"end":{"line":4,"column":23}},"loc":{"start":{"line":5,"column":0},"end":{"line":26,"column":1}},"line":5},"1":{"name":"(anonymous_1)","decl":{"start":{"line":8,"column":38},"end":{"line":8,"column":39}},"loc":{"start":{"line":9,"column":4},"end":{"line":13,"column":5}},"line":9},"2":{"name":"(anonymous_2)","decl":{"start":{"line":15,"column":50},"end":{"line":15,"column":51}},"loc":{"start":{"line":16,"column":4},"end":{"line":24,"column":5}},"line":16}},"branchMap":{"0":{"loc":{"start":{"line":7,"column":4},"end":{"line":25,"column":1}},"type":"if","locations":[{"start":{"line":7,"column":4},"end":{"line":25,"column":1}},{"start":{"line":14,"column":5},"end":{"line":25,"column":1}}],"line":7},"1":{"loc":{"start":{"line":10,"column":8},"end":{"line":11,"column":77}},"type":"if","locations":[{"start":{"line":10,"column":8},"end":{"line":11,"column":77}},{"start":{},"end":{}}],"line":10},"2":{"loc":{"start":{"line":17,"column":8},"end":{"line":18,"column":81}},"type":"if","locations":[{"start":{"line":17,"column":8},"end":{"line":18,"column":81}},{"start":{},"end":{}}],"line":17},"3":{"loc":{"start":{"line":19,"column":8},"end":{"line":22,"column":14}},"type":"if","locations":[{"start":{"line":19,"column":8},"end":{"line":22,"column":14}},{"start":{},"end":{}}],"line":19}},"s":{"0":1,"1":1,"2":0,"3":0,"4":0,"5":0,"6":0,"7":0,"8":0,"9":0,"10":0,"11":0,"12":0,"13":0},"f":{"0":0,"1":0,"2":0},"b":{"0":[0,0],"1":[0,0],"2":[0,0],"3":[0,0]},"_coverageSchema":"1a1c01bbd47fc00a2c39e90264f33305004495a9","hash":"46f33bf184b4dc7bd82113001990fa2aef68506b"}
,"/Users/apple/code/flatassignmentsystem/controller/GetFlatAssignment.js": {"path":"/Users/apple/code/flatassignmentsystem/controller/GetFlatAssignment.js","statementMap":{"0":{"start":{"line":1,"column":11},"end":{"line":1,"column":35}},"1":{"start":{"line":3,"column":0},"end":{"line":12,"column":1}},"2":{"start":{"line":5,"column":4},"end":{"line":11,"column":7}},"3":{"start":{"line":7,"column":8},"end":{"line":8,"column":77}},"4":{"start":{"line":8,"column":8},"end":{"line":8,"column":77}},"5":{"start":{"line":10,"column":8},"end":{"line":10,"column":44}}},"fnMap":{"0":{"name":"(anonymous_0)","decl":{"start":{"line":3,"column":28},"end":{"line":3,"column":29}},"loc":{"start":{"line":4,"column":0},"end":{"line":12,"column":1}},"line":4},"1":{"name":"(anonymous_1)","decl":{"start":{"line":5,"column":320},"end":{"line":5,"column":321}},"loc":{"start":{"line":6,"column":4},"end":{"line":11,"column":5}},"line":6}},"branchMap":{"0":{"loc":{"start":{"line":7,"column":8},"end":{"line":8,"column":77}},"type":"if","locations":[{"start":{"line":7,"column":8},"end":{"line":8,"column":77}},{"start":{},"end":{}}],"line":7}},"s":{"0":1,"1":1,"2":0,"3":0,"4":0,"5":0},"f":{"0":0,"1":0},"b":{"0":[0,0]},"_coverageSchema":"1a1c01bbd47fc00a2c39e90264f33305004495a9","hash":"8dcaa26c7ce3f49511194bad796b627266e49467"}
,"/Users/apple/code/flatassignmentsystem/controller/Login.js": {"path":"/Users/apple/code/flatassignmentsystem/controller/Login.js","statementMap":{"0":{"start":{"line":1,"column":15},"end":{"line":1,"column":32}},"1":{"start":{"line":2,"column":11},"end":{"line":2,"column":35}},"2":{"start":{"line":3,"column":12},"end":{"line":3,"column":35}},"3":{"start":{"line":5,"column":0},"end":{"line":37,"column":1}},"4":{"start":{"line":6,"column":13},"end":{"line":6,"column":27}},"5":{"start":{"line":7,"column":16},"end":{"line":7,"column":33}},"6":{"start":{"line":9,"column":1},"end":{"line":13,"column":2}},"7":{"start":{"line":10,"column":2},"end":{"line":12,"column":4}},"8":{"start":{"line":15,"column":1},"end":{"line":36,"column":3}},"9":{"start":{"line":16,"column":2},"end":{"line":20,"column":3}},"10":{"start":{"line":17,"column":3},"end":{"line":19,"column":5}},"11":{"start":{"line":22,"column":2},"end":{"line":22,"column":105}},"12":{"start":{"line":22,"column":26},"end":{"line":22,"column":105}},"13":{"start":{"line":24,"column":26},"end":{"line":24,"column":74}},"14":{"start":{"line":26,"column":2},"end":{"line":35,"column":3}},"15":{"start":{"line":27,"column":17},"end":{"line":27,"column":59}},"16":{"start":{"line":28,"column":3},"end":{"line":28,"column":62}},"17":{"start":{"line":29,"column":3},"end":{"line":32,"column":5}},"18":{"start":{"line":34,"column":3},"end":{"line":34,"column":64}}},"fnMap":{"0":{"name":"(anonymous_0)","decl":{"start":{"line":5,"column":16},"end":{"line":5,"column":17}},"loc":{"start":{"line":5,"column":30},"end":{"line":37,"column":1}},"line":5},"1":{"name":"(anonymous_1)","decl":{"start":{"line":15,"column":57},"end":{"line":15,"column":58}},"loc":{"start":{"line":15,"column":74},"end":{"line":36,"column":2}},"line":15}},"branchMap":{"0":{"loc":{"start":{"line":9,"column":1},"end":{"line":13,"column":2}},"type":"if","locations":[{"start":{"line":9,"column":1},"end":{"line":13,"column":2}},{"start":{},"end":{}}],"line":9},"1":{"loc":{"start":{"line":9,"column":5},"end":{"line":9,"column":34}},"type":"binary-expr","locations":[{"start":{"line":9,"column":5},"end":{"line":9,"column":16}},{"start":{"line":9,"column":20},"end":{"line":9,"column":34}}],"line":9},"2":{"loc":{"start":{"line":16,"column":2},"end":{"line":20,"column":3}},"type":"if","locations":[{"start":{"line":16,"column":2},"end":{"line":20,"column":3}},{"start":{},"end":{}}],"line":16},"3":{"loc":{"start":{"line":22,"column":2},"end":{"line":22,"column":105}},"type":"if","locations":[{"start":{"line":22,"column":2},"end":{"line":22,"column":105}},{"start":{},"end":{}}],"line":22},"4":{"loc":{"start":{"line":26,"column":2},"end":{"line":35,"column":3}},"type":"if","locations":[{"start":{"line":26,"column":2},"end":{"line":35,"column":3}},{"start":{"line":33,"column":9},"end":{"line":35,"column":3}}],"line":26}},"s":{"0":1,"1":1,"2":1,"3":1,"4":4,"5":4,"6":4,"7":1,"8":3,"9":3,"10":0,"11":3,"12":1,"13":2,"14":2,"15":1,"16":1,"17":1,"18":1},"f":{"0":4,"1":3},"b":{"0":[1,3],"1":[4,3],"2":[0,3],"3":[1,2],"4":[1,1]},"_coverageSchema":"1a1c01bbd47fc00a2c39e90264f33305004495a9","hash":"e1cdc4da51e6f8be8f7998394d2fd64204877467"}
,"/Users/apple/code/flatassignmentsystem/controller/Signout.js": {"path":"/Users/apple/code/flatassignmentsystem/controller/Signout.js","statementMap":{"0":{"start":{"line":1,"column":0},"end":{"line":6,"column":1}},"1":{"start":{"line":2,"column":4},"end":{"line":2,"column":29}},"2":{"start":{"line":3,"column":4},"end":{"line":5,"column":6}}},"fnMap":{"0":{"name":"(anonymous_0)","decl":{"start":{"line":1,"column":16},"end":{"line":1,"column":17}},"loc":{"start":{"line":1,"column":27},"end":{"line":6,"column":1}},"line":1}},"branchMap":{},"s":{"0":1,"1":0,"2":0},"f":{"0":0},"b":{},"_coverageSchema":"1a1c01bbd47fc00a2c39e90264f33305004495a9","hash":"5e27244d636dbdba46eb269ce141bc72c981cb89"}
,"/Users/apple/code/flatassignmentsystem/controller/Signup.js": {"path":"/Users/apple/code/flatassignmentsystem/controller/Signup.js","statementMap":{"0":{"start":{"line":1,"column":15},"end":{"line":1,"column":32}},"1":{"start":{"line":3,"column":11},"end":{"line":3,"column":35}},"2":{"start":{"line":4,"column":0},"end":{"line":45,"column":1}},"3":{"start":{"line":5,"column":17},"end":{"line":5,"column":35}},"4":{"start":{"line":6,"column":16},"end":{"line":6,"column":33}},"5":{"start":{"line":7,"column":13},"end":{"line":7,"column":27}},"6":{"start":{"line":8,"column":16},"end":{"line":8,"column":33}},"7":{"start":{"line":9,"column":16},"end":{"line":9,"column":33}},"8":{"start":{"line":10,"column":17},"end":{"line":10,"column":35}},"9":{"start":{"line":11,"column":19},"end":{"line":11,"column":39}},"10":{"start":{"line":14,"column":1},"end":{"line":26,"column":2}},"11":{"start":{"line":23,"column":2},"end":{"line":25,"column":4}},"12":{"start":{"line":29,"column":21},"end":{"line":29,"column":50}},"13":{"start":{"line":30,"column":1},"end":{"line":44,"column":2}},"14":{"start":{"line":34,"column":3},"end":{"line":38,"column":4}},"15":{"start":{"line":35,"column":4},"end":{"line":37,"column":6}},"16":{"start":{"line":40,"column":3},"end":{"line":42,"column":5}}},"fnMap":{"0":{"name":"(anonymous_0)","decl":{"start":{"line":4,"column":17},"end":{"line":4,"column":18}},"loc":{"start":{"line":4,"column":31},"end":{"line":45,"column":1}},"line":4},"1":{"name":"(anonymous_1)","decl":{"start":{"line":33,"column":2},"end":{"line":33,"column":3}},"loc":{"start":{"line":33,"column":19},"end":{"line":43,"column":3}},"line":33}},"branchMap":{"0":{"loc":{"start":{"line":14,"column":1},"end":{"line":26,"column":2}},"type":"if","locations":[{"start":{"line":14,"column":1},"end":{"line":26,"column":2}},{"start":{},"end":{}}],"line":14},"1":{"loc":{"start":{"line":15,"column":2},"end":{"line":21,"column":19}},"type":"binary-expr","locations":[{"start":{"line":15,"column":2},"end":{"line":15,"column":17}},{"start":{"line":16,"column":2},"end":{"line":16,"column":16}},{"start":{"line":17,"column":2},"end":{"line":17,"column":13}},{"start":{"line":18,"column":2},"end":{"line":18,"column":16}},{"start":{"line":19,"column":2},"end":{"line":19,"column":16}},{"start":{"line":20,"column":2},"end":{"line":20,"column":17}},{"start":{"line":21,"column":2},"end":{"line":21,"column":19}}],"line":15},"2":{"loc":{"start":{"line":34,"column":3},"end":{"line":38,"column":4}},"type":"if","locations":[{"start":{"line":34,"column":3},"end":{"line":38,"column":4}},{"start":{},"end":{}}],"line":34}},"s":{"0":1,"1":1,"2":1,"3":0,"4":0,"5":0,"6":0,"7":0,"8":0,"9":0,"10":0,"11":0,"12":0,"13":0,"14":0,"15":0,"16":0},"f":{"0":0,"1":0},"b":{"0":[0,0],"1":[0,0,0,0,0,0,0],"2":[0,0]},"_coverageSchema":"1a1c01bbd47fc00a2c39e90264f33305004495a9","hash":"4597a2a40cccb37e4a2411b6507e84c88e832f9e"}
,"/Users/apple/code/flatassignmentsystem/controller/UpdateFlat.js": {"path":"/Users/apple/code/flatassignmentsystem/controller/UpdateFlat.js","statementMap":{"0":{"start":{"line":2,"column":11},"end":{"line":2,"column":35}},"1":{"start":{"line":4,"column":0},"end":{"line":32,"column":1}},"2":{"start":{"line":7,"column":15},"end":{"line":7,"column":27}},"3":{"start":{"line":8,"column":33},"end":{"line":8,"column":41}},"4":{"start":{"line":10,"column":4},"end":{"line":31,"column":5}},"5":{"start":{"line":13,"column":8},"end":{"line":13,"column":72}},"6":{"start":{"line":18,"column":8},"end":{"line":30,"column":11}},"7":{"start":{"line":20,"column":12},"end":{"line":22,"column":13}},"8":{"start":{"line":21,"column":12},"end":{"line":21,"column":76}},"9":{"start":{"line":24,"column":12},"end":{"line":25,"column":63}},"10":{"start":{"line":25,"column":12},"end":{"line":25,"column":63}},"11":{"start":{"line":27,"column":12},"end":{"line":29,"column":15}}},"fnMap":{"0":{"name":"(anonymous_0)","decl":{"start":{"line":4,"column":19},"end":{"line":4,"column":20}},"loc":{"start":{"line":4,"column":30},"end":{"line":32,"column":1}},"line":4},"1":{"name":"(anonymous_1)","decl":{"start":{"line":18,"column":99},"end":{"line":18,"column":100}},"loc":{"start":{"line":19,"column":8},"end":{"line":30,"column":9}},"line":19}},"branchMap":{"0":{"loc":{"start":{"line":10,"column":4},"end":{"line":31,"column":5}},"type":"if","locations":[{"start":{"line":10,"column":4},"end":{"line":31,"column":5}},{"start":{"line":17,"column":4},"end":{"line":31,"column":5}}],"line":10},"1":{"loc":{"start":{"line":20,"column":12},"end":{"line":22,"column":13}},"type":"if","locations":[{"start":{"line":20,"column":12},"end":{"line":22,"column":13}},{"start":{},"end":{}}],"line":20},"2":{"loc":{"start":{"line":24,"column":12},"end":{"line":25,"column":63}},"type":"if","locations":[{"start":{"line":24,"column":12},"end":{"line":25,"column":63}},{"start":{},"end":{}}],"line":24}},"s":{"0":1,"1":1,"2":0,"3":0,"4":0,"5":0,"6":0,"7":0,"8":0,"9":0,"10":0,"11":0},"f":{"0":0,"1":0},"b":{"0":[0,0],"1":[0,0],"2":[0,0]},"_coverageSchema":"1a1c01bbd47fc00a2c39e90264f33305004495a9","hash":"a1b6542a157f2f4e45edb9cd1776b9e58e135f61"}
,"/Users/apple/code/flatassignmentsystem/controller/UpdateFlatAssignment.js": {"path":"/Users/apple/code/flatassignmentsystem/controller/UpdateFlatAssignment.js","statementMap":{"0":{"start":{"line":1,"column":10},"end":{"line":1,"column":34}},"1":{"start":{"line":3,"column":0},"end":{"line":27,"column":1}},"2":{"start":{"line":4,"column":13},"end":{"line":4,"column":25}},"3":{"start":{"line":5,"column":31},"end":{"line":5,"column":39}},"4":{"start":{"line":6,"column":4},"end":{"line":10,"column":5}},"5":{"start":{"line":7,"column":8},"end":{"line":9,"column":10}},"6":{"start":{"line":12,"column":4},"end":{"line":26,"column":6}},"7":{"start":{"line":13,"column":8},"end":{"line":17,"column":9}},"8":{"start":{"line":14,"column":12},"end":{"line":16,"column":14}},"9":{"start":{"line":18,"column":8},"end":{"line":22,"column":9}},"10":{"start":{"line":19,"column":12},"end":{"line":21,"column":14}},"11":{"start":{"line":23,"column":8},"end":{"line":25,"column":10}}},"fnMap":{"0":{"name":"(anonymous_0)","decl":{"start":{"line":3,"column":29},"end":{"line":3,"column":30}},"loc":{"start":{"line":3,"column":40},"end":{"line":27,"column":1}},"line":3},"1":{"name":"(anonymous_1)","decl":{"start":{"line":12,"column":102},"end":{"line":12,"column":103}},"loc":{"start":{"line":12,"column":116},"end":{"line":26,"column":5}},"line":12}},"branchMap":{"0":{"loc":{"start":{"line":6,"column":4},"end":{"line":10,"column":5}},"type":"if","locations":[{"start":{"line":6,"column":4},"end":{"line":10,"column":5}},{"start":{},"end":{}}],"line":6},"1":{"loc":{"start":{"line":13,"column":8},"end":{"line":17,"column":9}},"type":"if","locations":[{"start":{"line":13,"column":8},"end":{"line":17,"column":9}},{"start":{},"end":{}}],"line":13},"2":{"loc":{"start":{"line":18,"column":8},"end":{"line":22,"column":9}},"type":"if","locations":[{"start":{"line":18,"column":8},"end":{"line":22,"column":9}},{"start":{},"end":{}}],"line":18}},"s":{"0":1,"1":1,"2":0,"3":0,"4":0,"5":0,"6":0,"7":0,"8":0,"9":0,"10":0,"11":0},"f":{"0":0,"1":0},"b":{"0":[0,0],"1":[0,0],"2":[0,0]},"_coverageSchema":"1a1c01bbd47fc00a2c39e90264f33305004495a9","hash":"eb62097ed339159a5bf6ff4c5da754257cdfe8ce"}
,"/Users/apple/code/flatassignmentsystem/middleware/ChangeAssignmentStatus.js": {"path":"/Users/apple/code/flatassignmentsystem/middleware/ChangeAssignmentStatus.js","statementMap":{"0":{"start":{"line":1,"column":11},"end":{"line":1,"column":35}},"1":{"start":{"line":3,"column":0},"end":{"line":15,"column":1}},"2":{"start":{"line":4,"column":13},"end":{"line":4,"column":28}},"3":{"start":{"line":5,"column":24},"end":{"line":5,"column":34}},"4":{"start":{"line":6,"column":4},"end":{"line":14,"column":3}},"5":{"start":{"line":8,"column":12},"end":{"line":12,"column":13}},"6":{"start":{"line":9,"column":16},"end":{"line":11,"column":18}},"7":{"start":{"line":13,"column":6},"end":{"line":13,"column":12}}},"fnMap":{"0":{"name":"(anonymous_0)","decl":{"start":{"line":3,"column":33},"end":{"line":3,"column":34}},"loc":{"start":{"line":3,"column":54},"end":{"line":15,"column":1}},"line":3},"1":{"name":"(anonymous_1)","decl":{"start":{"line":7,"column":32},"end":{"line":7,"column":33}},"loc":{"start":{"line":7,"column":48},"end":{"line":14,"column":2}},"line":7}},"branchMap":{"0":{"loc":{"start":{"line":8,"column":12},"end":{"line":12,"column":13}},"type":"if","locations":[{"start":{"line":8,"column":12},"end":{"line":12,"column":13}},{"start":{},"end":{}}],"line":8}},"s":{"0":1,"1":1,"2":0,"3":0,"4":0,"5":0,"6":0,"7":0},"f":{"0":0,"1":0},"b":{"0":[0,0]},"_coverageSchema":"1a1c01bbd47fc00a2c39e90264f33305004495a9","hash":"1b5305ebc1a00570aa62b2079d5bf9fc4af0ff63"}
,"/Users/apple/code/flatassignmentsystem/middleware/ChangeAssignmentStatusToEmpty.js": {"path":"/Users/apple/code/flatassignmentsystem/middleware/ChangeAssignmentStatusToEmpty.js","statementMap":{"0":{"start":{"line":1,"column":11},"end":{"line":1,"column":35}},"1":{"start":{"line":3,"column":0},"end":{"line":18,"column":1}},"2":{"start":{"line":5,"column":13},"end":{"line":5,"column":25}},"3":{"start":{"line":6,"column":27},"end":{"line":6,"column":34}},"4":{"start":{"line":7,"column":4},"end":{"line":17,"column":7}},"5":{"start":{"line":9,"column":8},"end":{"line":10,"column":79}},"6":{"start":{"line":10,"column":8},"end":{"line":10,"column":79}},"7":{"start":{"line":12,"column":8},"end":{"line":15,"column":6}},"8":{"start":{"line":13,"column":8},"end":{"line":14,"column":79}},"9":{"start":{"line":14,"column":8},"end":{"line":14,"column":79}},"10":{"start":{"line":16,"column":8},"end":{"line":16,"column":15}}},"fnMap":{"0":{"name":"(anonymous_0)","decl":{"start":{"line":3,"column":40},"end":{"line":3,"column":41}},"loc":{"start":{"line":4,"column":0},"end":{"line":18,"column":1}},"line":4},"1":{"name":"(anonymous_1)","decl":{"start":{"line":7,"column":67},"end":{"line":7,"column":68}},"loc":{"start":{"line":8,"column":4},"end":{"line":17,"column":5}},"line":8},"2":{"name":"(anonymous_2)","decl":{"start":{"line":12,"column":101},"end":{"line":12,"column":102}},"loc":{"start":{"line":12,"column":115},"end":{"line":15,"column":5}},"line":12}},"branchMap":{"0":{"loc":{"start":{"line":9,"column":8},"end":{"line":10,"column":79}},"type":"if","locations":[{"start":{"line":9,"column":8},"end":{"line":10,"column":79}},{"start":{},"end":{}}],"line":9},"1":{"loc":{"start":{"line":13,"column":8},"end":{"line":14,"column":79}},"type":"if","locations":[{"start":{"line":13,"column":8},"end":{"line":14,"column":79}},{"start":{},"end":{}}],"line":13}},"s":{"0":1,"1":1,"2":0,"3":0,"4":0,"5":0,"6":0,"7":0,"8":0,"9":0,"10":0},"f":{"0":0,"1":0,"2":0},"b":{"0":[0,0],"1":[0,0]},"_coverageSchema":"1a1c01bbd47fc00a2c39e90264f33305004495a9","hash":"3f1bee2e7fd48f77d38b34fdf5da71cd267e920b"}
,"/Users/apple/code/flatassignmentsystem/middleware/CheckUserType.js": {"path":"/Users/apple/code/flatassignmentsystem/middleware/CheckUserType.js","statementMap":{"0":{"start":{"line":1,"column":16},"end":{"line":1,"column":34}},"1":{"start":{"line":3,"column":0},"end":{"line":14,"column":1}},"2":{"start":{"line":4,"column":20},"end":{"line":4,"column":37}},"3":{"start":{"line":5,"column":1},"end":{"line":5,"column":22}},"4":{"start":{"line":7,"column":1},"end":{"line":13,"column":2}},"5":{"start":{"line":8,"column":2},"end":{"line":8,"column":8}},"6":{"start":{"line":10,"column":2},"end":{"line":12,"column":4}}},"fnMap":{"0":{"name":"(anonymous_0)","decl":{"start":{"line":3,"column":24},"end":{"line":3,"column":25}},"loc":{"start":{"line":3,"column":44},"end":{"line":14,"column":1}},"line":3}},"branchMap":{"0":{"loc":{"start":{"line":7,"column":1},"end":{"line":13,"column":2}},"type":"if","locations":[{"start":{"line":7,"column":1},"end":{"line":13,"column":2}},{"start":{"line":9,"column":8},"end":{"line":13,"column":2}}],"line":7},"1":{"loc":{"start":{"line":7,"column":5},"end":{"line":7,"column":74}},"type":"binary-expr","locations":[{"start":{"line":7,"column":5},"end":{"line":7,"column":24}},{"start":{"line":7,"column":28},"end":{"line":7,"column":48}},{"start":{"line":7,"column":52},"end":{"line":7,"column":74}}],"line":7}},"s":{"0":1,"1":1,"2":0,"3":0,"4":0,"5":0,"6":0},"f":{"0":0},"b":{"0":[0,0],"1":[0,0,0]},"_coverageSchema":"1a1c01bbd47fc00a2c39e90264f33305004495a9","hash":"b1aa7ab0a72c5f612d6b18a6a828a1663e5d5b14"}
,"/Users/apple/code/flatassignmentsystem/middleware/IsAdmin.js": {"path":"/Users/apple/code/flatassignmentsystem/middleware/IsAdmin.js","statementMap":{"0":{"start":{"line":2,"column":11},"end":{"line":2,"column":35}},"1":{"start":{"line":3,"column":0},"end":{"line":13,"column":1}},"2":{"start":{"line":5,"column":13},"end":{"line":5,"column":21}},"3":{"start":{"line":6,"column":4},"end":{"line":12,"column":7}},"4":{"start":{"line":8,"column":8},"end":{"line":11,"column":70}},"5":{"start":{"line":9,"column":8},"end":{"line":9,"column":15}},"6":{"start":{"line":11,"column":8},"end":{"line":11,"column":70}}},"fnMap":{"0":{"name":"(anonymous_0)","decl":{"start":{"line":3,"column":18},"end":{"line":3,"column":19}},"loc":{"start":{"line":4,"column":0},"end":{"line":13,"column":1}},"line":4},"1":{"name":"(anonymous_1)","decl":{"start":{"line":6,"column":59},"end":{"line":6,"column":60}},"loc":{"start":{"line":7,"column":4},"end":{"line":12,"column":5}},"line":7}},"branchMap":{"0":{"loc":{"start":{"line":8,"column":8},"end":{"line":11,"column":70}},"type":"if","locations":[{"start":{"line":8,"column":8},"end":{"line":11,"column":70}},{"start":{"line":11,"column":8},"end":{"line":11,"column":70}}],"line":8}},"s":{"0":1,"1":1,"2":0,"3":0,"4":0,"5":0,"6":0},"f":{"0":0,"1":0},"b":{"0":[0,0]},"_coverageSchema":"1a1c01bbd47fc00a2c39e90264f33305004495a9","hash":"a5ee5d578c38797cbb65fd2f5abda56c4b13cb28"}
,"/Users/apple/code/flatassignmentsystem/middleware/IsEmailExist.js": {"path":"/Users/apple/code/flatassignmentsystem/middleware/IsEmailExist.js","statementMap":{"0":{"start":{"line":1,"column":11},"end":{"line":1,"column":35}},"1":{"start":{"line":3,"column":0},"end":{"line":19,"column":1}},"2":{"start":{"line":4,"column":13},"end":{"line":4,"column":27}},"3":{"start":{"line":5,"column":1},"end":{"line":18,"column":3}},"4":{"start":{"line":6,"column":2},"end":{"line":10,"column":3}},"5":{"start":{"line":7,"column":3},"end":{"line":9,"column":5}},"6":{"start":{"line":12,"column":2},"end":{"line":16,"column":3}},"7":{"start":{"line":13,"column":3},"end":{"line":15,"column":5}},"8":{"start":{"line":17,"column":2},"end":{"line":17,"column":8}}},"fnMap":{"0":{"name":"(anonymous_0)","decl":{"start":{"line":3,"column":23},"end":{"line":3,"column":24}},"loc":{"start":{"line":3,"column":43},"end":{"line":19,"column":1}},"line":3},"1":{"name":"(anonymous_1)","decl":{"start":{"line":5,"column":57},"end":{"line":5,"column":58}},"loc":{"start":{"line":5,"column":74},"end":{"line":18,"column":2}},"line":5}},"branchMap":{"0":{"loc":{"start":{"line":6,"column":2},"end":{"line":10,"column":3}},"type":"if","locations":[{"start":{"line":6,"column":2},"end":{"line":10,"column":3}},{"start":{},"end":{}}],"line":6},"1":{"loc":{"start":{"line":12,"column":2},"end":{"line":16,"column":3}},"type":"if","locations":[{"start":{"line":12,"column":2},"end":{"line":16,"column":3}},{"start":{},"end":{}}],"line":12}},"s":{"0":1,"1":1,"2":0,"3":0,"4":0,"5":0,"6":0,"7":0,"8":0},"f":{"0":0,"1":0},"b":{"0":[0,0],"1":[0,0]},"_coverageSchema":"1a1c01bbd47fc00a2c39e90264f33305004495a9","hash":"969f7ff65e9bbb5d6dcc2c825ce67136b7ff1f5c"}
,"/Users/apple/code/flatassignmentsystem/middleware/IsFlatExist.js": {"path":"/Users/apple/code/flatassignmentsystem/middleware/IsFlatExist.js","statementMap":{"0":{"start":{"line":1,"column":11},"end":{"line":1,"column":35}},"1":{"start":{"line":3,"column":0},"end":{"line":20,"column":1}},"2":{"start":{"line":5,"column":13},"end":{"line":5,"column":28}},"3":{"start":{"line":6,"column":4},"end":{"line":19,"column":7}},"4":{"start":{"line":8,"column":8},"end":{"line":9,"column":77}},"5":{"start":{"line":9,"column":8},"end":{"line":9,"column":77}},"6":{"start":{"line":12,"column":8},"end":{"line":13,"column":69}},"7":{"start":{"line":13,"column":8},"end":{"line":13,"column":69}},"8":{"start":{"line":15,"column":8},"end":{"line":16,"column":74}},"9":{"start":{"line":16,"column":8},"end":{"line":16,"column":74}},"10":{"start":{"line":18,"column":8},"end":{"line":18,"column":15}}},"fnMap":{"0":{"name":"(anonymous_0)","decl":{"start":{"line":3,"column":22},"end":{"line":3,"column":23}},"loc":{"start":{"line":4,"column":0},"end":{"line":20,"column":1}},"line":4},"1":{"name":"(anonymous_1)","decl":{"start":{"line":6,"column":65},"end":{"line":6,"column":66}},"loc":{"start":{"line":7,"column":4},"end":{"line":19,"column":5}},"line":7}},"branchMap":{"0":{"loc":{"start":{"line":8,"column":8},"end":{"line":9,"column":77}},"type":"if","locations":[{"start":{"line":8,"column":8},"end":{"line":9,"column":77}},{"start":{},"end":{}}],"line":8},"1":{"loc":{"start":{"line":12,"column":8},"end":{"line":13,"column":69}},"type":"if","locations":[{"start":{"line":12,"column":8},"end":{"line":13,"column":69}},{"start":{},"end":{}}],"line":12},"2":{"loc":{"start":{"line":15,"column":8},"end":{"line":16,"column":74}},"type":"if","locations":[{"start":{"line":15,"column":8},"end":{"line":16,"column":74}},{"start":{},"end":{}}],"line":15}},"s":{"0":1,"1":1,"2":0,"3":0,"4":0,"5":0,"6":0,"7":0,"8":0,"9":0,"10":0},"f":{"0":0,"1":0},"b":{"0":[0,0],"1":[0,0],"2":[0,0]},"_coverageSchema":"1a1c01bbd47fc00a2c39e90264f33305004495a9","hash":"18b112d61477e7d9da0179f04550dc547d06b012"}
,"/Users/apple/code/flatassignmentsystem/middleware/IsSignedIn.js": {"path":"/Users/apple/code/flatassignmentsystem/middleware/IsSignedIn.js","statementMap":{"0":{"start":{"line":1,"column":13},"end":{"line":1,"column":30}},"1":{"start":{"line":2,"column":0},"end":{"line":2,"column":16}},"2":{"start":{"line":3,"column":26},"end":{"line":3,"column":48}},"3":{"start":{"line":5,"column":0},"end":{"line":9,"column":3}}},"fnMap":{},"branchMap":{},"s":{"0":1,"1":1,"2":1,"3":1},"f":{},"b":{},"_coverageSchema":"1a1c01bbd47fc00a2c39e90264f33305004495a9","hash":"a6f0c8850cad1af93972b468f8ed9bb06d7e107d"}
,"/Users/apple/code/flatassignmentsystem/middleware/IsUserExist.js": {"path":"/Users/apple/code/flatassignmentsystem/middleware/IsUserExist.js","statementMap":{"0":{"start":{"line":1,"column":11},"end":{"line":1,"column":35}},"1":{"start":{"line":3,"column":0},"end":{"line":17,"column":1}},"2":{"start":{"line":5,"column":13},"end":{"line":5,"column":28}},"3":{"start":{"line":6,"column":4},"end":{"line":16,"column":7}},"4":{"start":{"line":8,"column":8},"end":{"line":9,"column":77}},"5":{"start":{"line":9,"column":8},"end":{"line":9,"column":77}},"6":{"start":{"line":12,"column":8},"end":{"line":13,"column":69}},"7":{"start":{"line":13,"column":8},"end":{"line":13,"column":69}},"8":{"start":{"line":15,"column":8},"end":{"line":15,"column":15}}},"fnMap":{"0":{"name":"(anonymous_0)","decl":{"start":{"line":3,"column":22},"end":{"line":3,"column":23}},"loc":{"start":{"line":4,"column":0},"end":{"line":17,"column":1}},"line":4},"1":{"name":"(anonymous_1)","decl":{"start":{"line":6,"column":50},"end":{"line":6,"column":51}},"loc":{"start":{"line":7,"column":4},"end":{"line":16,"column":5}},"line":7}},"branchMap":{"0":{"loc":{"start":{"line":8,"column":8},"end":{"line":9,"column":77}},"type":"if","locations":[{"start":{"line":8,"column":8},"end":{"line":9,"column":77}},{"start":{},"end":{}}],"line":8},"1":{"loc":{"start":{"line":12,"column":8},"end":{"line":13,"column":69}},"type":"if","locations":[{"start":{"line":12,"column":8},"end":{"line":13,"column":69}},{"start":{},"end":{}}],"line":12}},"s":{"0":1,"1":1,"2":0,"3":0,"4":0,"5":0,"6":0,"7":0,"8":0},"f":{"0":0,"1":0},"b":{"0":[0,0],"1":[0,0]},"_coverageSchema":"1a1c01bbd47fc00a2c39e90264f33305004495a9","hash":"ebd4ef01ea8db7b1c8f35cc3ccab6a6183c2aa1d"}
,"/Users/apple/code/flatassignmentsystem/routes/Auth.js": {"path":"/Users/apple/code/flatassignmentsystem/routes/Auth.js","statementMap":{"0":{"start":{"line":1,"column":16},"end":{"line":1,"column":34}},"1":{"start":{"line":2,"column":15},"end":{"line":2,"column":31}},"2":{"start":{"line":3,"column":18},"end":{"line":3,"column":48}},"3":{"start":{"line":4,"column":19},"end":{"line":4,"column":50}},"4":{"start":{"line":5,"column":25},"end":{"line":5,"column":62}},"5":{"start":{"line":6,"column":20},"end":{"line":6,"column":52}},"6":{"start":{"line":7,"column":26},"end":{"line":7,"column":64}},"7":{"start":{"line":8,"column":0},"end":{"line":8,"column":59}},"8":{"start":{"line":9,"column":0},"end":{"line":9,"column":28}},"9":{"start":{"line":10,"column":0},"end":{"line":10,"column":31}},"10":{"start":{"line":12,"column":0},"end":{"line":12,"column":23}}},"fnMap":{},"branchMap":{},"s":{"0":1,"1":1,"2":1,"3":1,"4":1,"5":1,"6":1,"7":1,"8":1,"9":1,"10":1},"f":{},"b":{},"_coverageSchema":"1a1c01bbd47fc00a2c39e90264f33305004495a9","hash":"37f4f7721bde60764d1c2cffd4aec794f4af7271"}
,"/Users/apple/code/flatassignmentsystem/routes/Flat.js": {"path":"/Users/apple/code/flatassignmentsystem/routes/Flat.js","statementMap":{"0":{"start":{"line":1,"column":16},"end":{"line":1,"column":34}},"1":{"start":{"line":2,"column":15},"end":{"line":2,"column":31}},"2":{"start":{"line":3,"column":18},"end":{"line":3,"column":50}},"3":{"start":{"line":4,"column":21},"end":{"line":4,"column":56}},"4":{"start":{"line":5,"column":21},"end":{"line":5,"column":56}},"5":{"start":{"line":6,"column":22},"end":{"line":6,"column":58}},"6":{"start":{"line":7,"column":21},"end":{"line":7,"column":56}},"7":{"start":{"line":8,"column":21},"end":{"line":8,"column":56}},"8":{"start":{"line":9,"column":28},"end":{"line":9,"column":72}},"9":{"start":{"line":12,"column":0},"end":{"line":12,"column":51}},"10":{"start":{"line":13,"column":0},"end":{"line":13,"column":51}},"11":{"start":{"line":14,"column":0},"end":{"line":14,"column":50}},"12":{"start":{"line":15,"column":0},"end":{"line":15,"column":53}},"13":{"start":{"line":16,"column":0},"end":{"line":16,"column":73}},"14":{"start":{"line":17,"column":0},"end":{"line":17,"column":24}}},"fnMap":{},"branchMap":{},"s":{"0":1,"1":1,"2":1,"3":1,"4":1,"5":1,"6":1,"7":1,"8":1,"9":1,"10":1,"11":1,"12":1,"13":1,"14":1},"f":{},"b":{},"_coverageSchema":"1a1c01bbd47fc00a2c39e90264f33305004495a9","hash":"d072c4efe803833ca1bf9687451ff85b59d95562"}
,"/Users/apple/code/flatassignmentsystem/routes/FlatAssignment.js": {"path":"/Users/apple/code/flatassignmentsystem/routes/FlatAssignment.js","statementMap":{"0":{"start":{"line":1,"column":16},"end":{"line":1,"column":34}},"1":{"start":{"line":2,"column":15},"end":{"line":2,"column":31}},"2":{"start":{"line":3,"column":18},"end":{"line":3,"column":50}},"3":{"start":{"line":4,"column":21},"end":{"line":4,"column":56}},"4":{"start":{"line":5,"column":22},"end":{"line":5,"column":58}},"5":{"start":{"line":6,"column":31},"end":{"line":6,"column":75}},"6":{"start":{"line":7,"column":22},"end":{"line":7,"column":58}},"7":{"start":{"line":8,"column":35},"end":{"line":8,"column":82}},"8":{"start":{"line":9,"column":30},"end":{"line":9,"column":72}},"9":{"start":{"line":10,"column":33},"end":{"line":10,"column":78}},"10":{"start":{"line":11,"column":33},"end":{"line":11,"column":78}},"11":{"start":{"line":12,"column":38},"end":{"line":12,"column":92}},"12":{"start":{"line":14,"column":0},"end":{"line":14,"column":118}},"13":{"start":{"line":15,"column":0},"end":{"line":15,"column":67}},"14":{"start":{"line":16,"column":0},"end":{"line":16,"column":147}},"15":{"start":{"line":17,"column":0},"end":{"line":17,"column":103}},"16":{"start":{"line":18,"column":0},"end":{"line":18,"column":24}}},"fnMap":{},"branchMap":{},"s":{"0":1,"1":1,"2":1,"3":1,"4":1,"5":1,"6":1,"7":1,"8":1,"9":1,"10":1,"11":1,"12":1,"13":1,"14":1,"15":1,"16":1},"f":{},"b":{},"_coverageSchema":"1a1c01bbd47fc00a2c39e90264f33305004495a9","hash":"a2c51eab420658c64dc736f3cbbdd8c3651c7070"}
,"/Users/apple/code/flatassignmentsystem/routes/User.js": {"path":"/Users/apple/code/flatassignmentsystem/routes/User.js","statementMap":{"0":{"start":{"line":1,"column":16},"end":{"line":1,"column":34}},"1":{"start":{"line":2,"column":15},"end":{"line":2,"column":31}},"2":{"start":{"line":3,"column":22},"end":{"line":3,"column":58}},"3":{"start":{"line":4,"column":18},"end":{"line":4,"column":50}},"4":{"start":{"line":5,"column":23},"end":{"line":5,"column":58}},"5":{"start":{"line":10,"column":0},"end":{"line":10,"column":51}},"6":{"start":{"line":13,"column":0},"end":{"line":13,"column":24}}},"fnMap":{},"branchMap":{},"s":{"0":1,"1":1,"2":1,"3":1,"4":1,"5":1,"6":1},"f":{},"b":{},"_coverageSchema":"1a1c01bbd47fc00a2c39e90264f33305004495a9","hash":"a6cfef578021c6c8ab09303c847412e409a78255"}
}
